{"/root/zzp/langextract-main/ljt/note-prompt/src/components/common/CopyButton.vue": {"path":"/root/zzp/langextract-main/ljt/note-prompt/src/components/common/CopyButton.vue","statementMap":{"0":{"start":{"line":5,"column":14},"end":{"line":5,"column":null}},"1":{"start":{"line":10,"column":6},"end":{"line":10,"column":null}},"2":{"start":{"line":12,"column":19},"end":{"line":22,"column":null}},"3":{"start":{"line":13,"column":2},"end":{"line":21,"column":null}},"4":{"start":{"line":14,"column":4},"end":{"line":14,"column":null}},"5":{"start":{"line":15,"column":4},"end":{"line":15,"column":null}},"6":{"start":{"line":16,"column":4},"end":{"line":18,"column":null}},"7":{"start":{"line":17,"column":6},"end":{"line":17,"column":null}},"8":{"start":{"line":20,"column":4},"end":{"line":20,"column":null}},"9":{"start":{"line":26,"column":2},"end":{"line":36,"column":72}},"10":{"start":{"line":33,"column":53},"end":{"line":34,"column":45}}},"fnMap":{"0":{"name":"(anonymous_0)","decl":{"start":{"line":12,"column":19},"end":{"line":12,"column":31}},"loc":{"start":{"line":12,"column":31},"end":{"line":22,"column":null}},"line":12},"1":{"name":"(anonymous_1)","decl":{"start":{"line":16,"column":15},"end":{"line":16,"column":21}},"loc":{"start":{"line":16,"column":21},"end":{"line":18,"column":7}},"line":16},"2":{"name":"(anonymous_2)","decl":{"start":{"line":33,"column":6},"end":{"line":33,"column":19}},"loc":{"start":{"line":33,"column":53},"end":{"line":34,"column":45}},"line":33}},"branchMap":{"0":{"loc":{"start":{"line":30,"column":12},"end":{"line":30,"column":null}},"type":"cond-expr","locations":[{"start":{"line":30,"column":18},"end":{"line":30,"column":null}},{"start":{"line":30,"column":18},"end":{"line":30,"column":null}}],"line":30},"1":{"loc":{"start":{"line":33,"column":19},"end":{"line":34,"column":45}},"type":"cond-expr","locations":[{"start":{"line":33,"column":19},"end":{"line":33,"column":53}},{"start":{"line":33,"column":47},"end":{"line":34,"column":45}}],"line":33},"2":{"loc":{"start":{"line":36,"column":16},"end":{"line":36,"column":72}},"type":"cond-expr","locations":[{"start":{"line":36,"column":16},"end":{"line":36,"column":72}},{"start":{"line":36,"column":62},"end":{"line":36,"column":72}}],"line":36},"3":{"loc":{"start":{"line":36,"column":40},"end":{"line":36,"column":62}},"type":"cond-expr","locations":[{"start":{"line":36,"column":46},"end":{"line":36,"column":57}},{"start":{"line":36,"column":57},"end":{"line":36,"column":62}}],"line":36}},"s":{"0":0,"1":0,"2":0,"3":0,"4":0,"5":0,"6":0,"7":0,"8":0,"9":0,"10":0},"f":{"0":0,"1":0,"2":0},"b":{"0":[0,0],"1":[0,0],"2":[0,0],"3":[0,0]},"meta":{"lastBranch":0,"lastFunction":0,"lastStatement":0,"seen":{}}}
,"/root/zzp/langextract-main/ljt/note-prompt/src/components/common/PromptDetailModal.vue": {"path":"/root/zzp/langextract-main/ljt/note-prompt/src/components/common/PromptDetailModal.vue","statementMap":{"0":{"start":{"line":8,"column":14},"end":{"line":8,"column":null}},"1":{"start":{"line":14,"column":13},"end":{"line":14,"column":null}},"2":{"start":{"line":19,"column":6},"end":{"line":19,"column":null}},"3":{"start":{"line":20,"column":6},"end":{"line":20,"column":null}},"4":{"start":{"line":21,"column":6},"end":{"line":21,"column":null}},"5":{"start":{"line":23,"column":14},"end":{"line":25,"column":null}},"6":{"start":{"line":24,"column":2},"end":{"line":24,"column":null}},"7":{"start":{"line":27,"column":29},"end":{"line":44,"column":null}},"8":{"start":{"line":28,"column":2},"end":{"line":28,"column":null}},"9":{"start":{"line":28,"column":66},"end":{"line":28,"column":null}},"10":{"start":{"line":30,"column":2},"end":{"line":30,"column":null}},"11":{"start":{"line":31,"column":2},"end":{"line":43,"column":null}},"12":{"start":{"line":32,"column":22},"end":{"line":32,"column":null}},"13":{"start":{"line":33,"column":4},"end":{"line":33,"column":null}},"14":{"start":{"line":34,"column":24},"end":{"line":34,"column":null}},"15":{"start":{"line":35,"column":4},"end":{"line":35,"column":null}},"16":{"start":{"line":38,"column":4},"end":{"line":38,"column":null}},"17":{"start":{"line":40,"column":4},"end":{"line":40,"column":null}},"18":{"start":{"line":42,"column":4},"end":{"line":42,"column":null}},"19":{"start":{"line":46,"column":6},"end":{"line":46,"column":null}},"20":{"start":{"line":48,"column":0},"end":{"line":84,"column":null}},"21":{"start":{"line":48,"column":12},"end":{"line":48,"column":27}},"22":{"start":{"line":49,"column":2},"end":{"line":83,"column":null}},"23":{"start":{"line":50,"column":4},"end":{"line":50,"column":null}},"24":{"start":{"line":53,"column":4},"end":{"line":58,"column":null}},"25":{"start":{"line":54,"column":6},"end":{"line":54,"column":null}},"26":{"start":{"line":55,"column":6},"end":{"line":55,"column":null}},"27":{"start":{"line":57,"column":6},"end":{"line":57,"column":null}},"28":{"start":{"line":60,"column":4},"end":{"line":75,"column":null}},"29":{"start":{"line":61,"column":18},"end":{"line":61,"column":null}},"30":{"start":{"line":64,"column":22},"end":{"line":64,"column":null}},"31":{"start":{"line":65,"column":23},"end":{"line":65,"column":null}},"32":{"start":{"line":66,"column":6},"end":{"line":66,"column":null}},"33":{"start":{"line":68,"column":6},"end":{"line":68,"column":null}},"34":{"start":{"line":70,"column":6},"end":{"line":70,"column":null}},"35":{"start":{"line":72,"column":6},"end":{"line":72,"column":null}},"36":{"start":{"line":74,"column":6},"end":{"line":74,"column":null}},"37":{"start":{"line":78,"column":4},"end":{"line":82,"column":null}},"38":{"start":{"line":79,"column":6},"end":{"line":81,"column":null}},"39":{"start":{"line":80,"column":8},"end":{"line":80,"column":null}},"40":{"start":{"line":86,"column":19},"end":{"line":99,"column":null}},"41":{"start":{"line":87,"column":12},"end":{"line":87,"column":null}},"42":{"start":{"line":89,"column":15},"end":{"line":89,"column":null}},"43":{"start":{"line":90,"column":18},"end":{"line":90,"column":null}},"44":{"start":{"line":91,"column":19},"end":{"line":91,"column":null}},"45":{"start":{"line":92,"column":19},"end":{"line":92,"column":null}},"46":{"start":{"line":94,"column":2},"end":{"line":94,"column":null}},"47":{"start":{"line":94,"column":23},"end":{"line":94,"column":36}},"48":{"start":{"line":94,"column":39},"end":{"line":94,"column":null}},"49":{"start":{"line":95,"column":2},"end":{"line":95,"column":null}},"50":{"start":{"line":95,"column":26},"end":{"line":95,"column":39}},"51":{"start":{"line":95,"column":42},"end":{"line":95,"column":null}},"52":{"start":{"line":96,"column":2},"end":{"line":96,"column":null}},"53":{"start":{"line":96,"column":27},"end":{"line":96,"column":40}},"54":{"start":{"line":96,"column":43},"end":{"line":96,"column":null}},"55":{"start":{"line":97,"column":2},"end":{"line":97,"column":null}},"56":{"start":{"line":97,"column":27},"end":{"line":97,"column":40}},"57":{"start":{"line":97,"column":43},"end":{"line":97,"column":null}},"58":{"start":{"line":98,"column":2},"end":{"line":98,"column":null}},"59":{"start":{"line":115,"column":15},"end":{"line":115,"column":null}},"60":{"start":{"line":116,"column":16},"end":{"line":116,"column":40}},"61":{"start":{"line":117,"column":17},"end":{"line":117,"column":null}},"62":{"start":{"line":118,"column":19},"end":{"line":118,"column":null}},"63":{"start":{"line":119,"column":21},"end":{"line":119,"column":null}},"64":{"start":{"line":123,"column":22},"end":{"line":123,"column":45}},"65":{"start":{"line":125,"column":19},"end":{"line":125,"column":null}},"66":{"start":{"line":132,"column":15},"end":{"line":132,"column":null}},"67":{"start":{"line":138,"column":15},"end":{"line":138,"column":null}},"68":{"start":{"line":139,"column":17},"end":{"line":139,"column":null}},"69":{"start":{"line":157,"column":15},"end":{"line":157,"column":null}},"70":{"start":{"line":158,"column":17},"end":{"line":158,"column":null}},"71":{"start":{"line":162,"column":17},"end":{"line":162,"column":null}},"72":{"start":{"line":103,"column":2},"end":{"line":169,"column":43}},"73":{"start":{"line":173,"column":10},"end":{"line":169,"column":43}},"74":{"start":{"line":133,"column":12},"end":{"line":134,"column":null}}},"fnMap":{"0":{"name":"(anonymous_0)","decl":{"start":{"line":23,"column":14},"end":{"line":23,"column":20}},"loc":{"start":{"line":23,"column":20},"end":{"line":25,"column":null}},"line":23},"1":{"name":"(anonymous_1)","decl":{"start":{"line":27,"column":29},"end":{"line":27,"column":41}},"loc":{"start":{"line":27,"column":41},"end":{"line":44,"column":null}},"line":27},"2":{"name":"(anonymous_2)","decl":{"start":{"line":48,"column":6},"end":{"line":48,"column":12}},"loc":{"start":{"line":48,"column":12},"end":{"line":48,"column":27}},"line":48},"3":{"name":"(anonymous_3)","decl":{"start":{"line":48,"column":27},"end":{"line":48,"column":34}},"loc":{"start":{"line":48,"column":45},"end":{"line":84,"column":1}},"line":48},"4":{"name":"(anonymous_4)","decl":{"start":{"line":79,"column":17},"end":{"line":79,"column":23}},"loc":{"start":{"line":79,"column":23},"end":{"line":81,"column":9}},"line":79},"5":{"name":"(anonymous_5)","decl":{"start":{"line":86,"column":19},"end":{"line":86,"column":20}},"loc":{"start":{"line":86,"column":36},"end":{"line":99,"column":null}},"line":86},"6":{"name":"(anonymous_6)","decl":{"start":{"line":94,"column":16},"end":{"line":94,"column":17}},"loc":{"start":{"line":94,"column":23},"end":{"line":94,"column":36}},"line":94},"7":{"name":"(anonymous_7)","decl":{"start":{"line":95,"column":19},"end":{"line":95,"column":20}},"loc":{"start":{"line":95,"column":26},"end":{"line":95,"column":39}},"line":95},"8":{"name":"(anonymous_8)","decl":{"start":{"line":96,"column":20},"end":{"line":96,"column":21}},"loc":{"start":{"line":96,"column":27},"end":{"line":96,"column":40}},"line":96},"9":{"name":"(anonymous_9)","decl":{"start":{"line":97,"column":20},"end":{"line":97,"column":21}},"loc":{"start":{"line":97,"column":27},"end":{"line":97,"column":40}},"line":97},"10":{"name":"(anonymous_10)","decl":{"start":{"line":104,"column":4},"end":{"line":104,"column":15}},"loc":{"start":{"line":173,"column":10},"end":{"line":169,"column":43}},"line":173},"11":{"name":"(anonymous_11)","decl":{"start":{"line":105,"column":35},"end":{"line":105,"column":36}},"loc":{"start":{"line":105,"column":35},"end":{"line":105,"column":36}},"line":105},"12":{"name":"(anonymous_12)","decl":{"start":{"line":133,"column":43},"end":{"line":133,"column":46}},"loc":{"start":{"line":133,"column":28},"end":{"line":134,"column":null}},"line":133}},"branchMap":{"0":{"loc":{"start":{"line":28,"column":2},"end":{"line":28,"column":null}},"type":"if","locations":[{"start":{"line":28,"column":2},"end":{"line":28,"column":null}},{"start":{},"end":{}}],"line":28},"1":{"loc":{"start":{"line":28,"column":6},"end":{"line":28,"column":66}},"type":"binary-expr","locations":[{"start":{"line":28,"column":6},"end":{"line":28,"column":23}},{"start":{"line":28,"column":23},"end":{"line":28,"column":42}},{"start":{"line":28,"column":42},"end":{"line":28,"column":66}}],"line":28},"2":{"loc":{"start":{"line":34,"column":24},"end":{"line":34,"column":null}},"type":"binary-expr","locations":[{"start":{"line":34,"column":24},"end":{"line":34,"column":56}},{"start":{"line":34,"column":56},"end":{"line":34,"column":null}}],"line":34},"3":{"loc":{"start":{"line":35,"column":50},"end":{"line":35,"column":null}},"type":"cond-expr","locations":[{"start":{"line":35,"column":62},"end":{"line":35,"column":66}},{"start":{"line":35,"column":66},"end":{"line":35,"column":null}}],"line":35},"4":{"loc":{"start":{"line":49,"column":2},"end":{"line":83,"column":null}},"type":"if","locations":[{"start":{"line":49,"column":2},"end":{"line":83,"column":null}},{"start":{"line":76,"column":9},"end":{"line":83,"column":null}}],"line":49},"5":{"loc":{"start":{"line":49,"column":6},"end":{"line":49,"column":32}},"type":"binary-expr","locations":[{"start":{"line":49,"column":6},"end":{"line":49,"column":16}},{"start":{"line":49,"column":16},"end":{"line":49,"column":32}}],"line":49},"6":{"loc":{"start":{"line":53,"column":4},"end":{"line":58,"column":null}},"type":"if","locations":[{"start":{"line":53,"column":4},"end":{"line":58,"column":null}},{"start":{"line":56,"column":11},"end":{"line":58,"column":null}}],"line":53},"7":{"loc":{"start":{"line":53,"column":8},"end":{"line":53,"column":70}},"type":"binary-expr","locations":[{"start":{"line":53,"column":8},"end":{"line":53,"column":29}},{"start":{"line":53,"column":29},"end":{"line":53,"column":70}}],"line":53},"8":{"loc":{"start":{"line":78,"column":4},"end":{"line":82,"column":null}},"type":"if","locations":[{"start":{"line":78,"column":4},"end":{"line":82,"column":null}},{"start":{},"end":{}}],"line":78},"9":{"loc":{"start":{"line":94,"column":2},"end":{"line":94,"column":null}},"type":"if","locations":[{"start":{"line":94,"column":2},"end":{"line":94,"column":null}},{"start":{},"end":{}}],"line":94},"10":{"loc":{"start":{"line":95,"column":2},"end":{"line":95,"column":null}},"type":"if","locations":[{"start":{"line":95,"column":2},"end":{"line":95,"column":null}},{"start":{},"end":{}}],"line":95},"11":{"loc":{"start":{"line":96,"column":2},"end":{"line":96,"column":null}},"type":"if","locations":[{"start":{"line":96,"column":2},"end":{"line":96,"column":null}},{"start":{},"end":{}}],"line":96},"12":{"loc":{"start":{"line":97,"column":2},"end":{"line":97,"column":null}},"type":"if","locations":[{"start":{"line":97,"column":2},"end":{"line":97,"column":null}},{"start":{},"end":{}}],"line":97},"13":{"loc":{"start":{"line":104,"column":15},"end":{"line":169,"column":43}},"type":"cond-expr","locations":[{"start":{"line":104,"column":15},"end":{"line":169,"column":43}}],"line":104},"14":{"loc":{"start":{"line":105,"column":41},"end":{"line":105,"column":null}},"type":"binary-expr","locations":[{"start":{"line":105,"column":41},"end":{"line":105,"column":46}},{"start":{"line":105,"column":41},"end":{"line":105,"column":null}}],"line":105},"15":{"loc":{"start":{"line":110,"column":19},"end":{"line":169,"column":43}},"type":"cond-expr","locations":[{"start":{"line":110,"column":19},"end":{"line":112,"column":14}},{"start":{"line":114,"column":24},"end":{"line":169,"column":43}}],"line":110},"16":{"loc":{"start":{"line":114,"column":24},"end":{"line":169,"column":43}},"type":"cond-expr","locations":[{"start":{"line":114,"column":24},"end":{"line":169,"column":43}}],"line":114},"17":{"loc":{"start":{"line":120,"column":29},"end":{"line":121,"column":44}},"type":"cond-expr","locations":[{"start":{"line":120,"column":43},"end":{"line":120,"column":86}},{"start":{"line":120,"column":83},"end":{"line":121,"column":44}}],"line":120},"18":{"loc":{"start":{"line":150,"column":23},"end":{"line":150,"column":null}},"type":"cond-expr","locations":[{"start":{"line":150,"column":41},"end":{"line":150,"column":null}},{"start":{"line":150,"column":41},"end":{"line":150,"column":null}}],"line":150},"19":{"loc":{"start":{"line":153,"column":23},"end":{"line":153,"column":53}},"type":"binary-expr","locations":[{"start":{"line":153,"column":23},"end":{"line":153,"column":45}},{"start":{"line":153,"column":45},"end":{"line":153,"column":53}}],"line":153},"20":{"loc":{"start":{"line":161,"column":18},"end":{"line":159,"column":28}},"type":"binary-expr","locations":[{"start":{"line":161,"column":18},"end":{"line":161,"column":null}},{"start":{"line":161,"column":18},"end":{"line":159,"column":28}}],"line":161},"21":{"loc":{"start":{"line":160,"column":33},"end":{"line":160,"column":57}},"type":"binary-expr","locations":[{"start":{"line":160,"column":33},"end":{"line":160,"column":47}},{"start":{"line":160,"column":47},"end":{"line":160,"column":57}}],"line":160},"22":{"loc":{"start":{"line":167,"column":21},"end":{"line":169,"column":43}},"type":"cond-expr","locations":[{"start":{"line":167,"column":28},"end":{"line":169,"column":43}},{"start":{"line":169,"column":36},"end":{"line":169,"column":43}}],"line":167},"23":{"loc":{"start":{"line":170,"column":16},"end":{"line":168,"column":23}},"type":"binary-expr","locations":[{"start":{"line":170,"column":16},"end":{"line":170,"column":null}},{"start":{"line":170,"column":16},"end":{"line":168,"column":23}}],"line":170}},"s":{"0":10,"1":10,"2":10,"3":10,"4":10,"5":10,"6":1,"7":10,"8":2,"9":0,"10":2,"11":2,"12":2,"13":1,"14":1,"15":2,"16":2,"17":1,"18":2,"19":10,"20":10,"21":22,"22":12,"23":11,"24":11,"25":6,"26":6,"27":5,"28":11,"29":11,"30":6,"31":6,"32":6,"33":6,"34":6,"35":4,"36":10,"37":1,"38":1,"39":1,"40":10,"41":31,"42":31,"43":31,"44":31,"45":31,"46":31,"47":84,"48":27,"49":4,"50":22,"51":1,"52":3,"53":13,"54":1,"55":2,"56":6,"57":2,"58":1,"59":1,"60":1,"61":1,"62":1,"63":1,"64":1,"65":1,"66":1,"67":1,"68":1,"69":1,"70":1,"71":1,"72":22,"73":34,"74":31},"f":{"0":1,"1":2,"2":22,"3":12,"4":1,"5":31,"6":84,"7":22,"8":13,"9":6,"10":34,"11":3,"12":31},"b":{"0":[0,2],"1":[2,2,2],"2":[1,0],"3":[1,0],"4":[11,1],"5":[12,11],"6":[6,5],"7":[11,7],"8":[1,0],"9":[27,4],"10":[1,3],"11":[1,2],"12":[1,1],"13":[23,null],"14":[23,10],"15":[5,18],"16":[14,null],"17":[0,14],"18":[8,6],"19":[14,0],"20":[14,8],"21":[14,0],"22":[14,0],"23":[14,8]},"meta":{"lastBranch":0,"lastFunction":0,"lastStatement":0,"seen":{}}}
}
